"/home/bnl/svn/lundin/trunk/sdl/sdl2thin/obj/types.o" has been deleted
"/home/bnl/svn/lundin/trunk/sdl/sdl2thin/obj/types.ali" has been deleted
"/home/bnl/svn/lundin/trunk/sdl/sdl2thin/obj/calendar2.o" has been deleted
"/home/bnl/svn/lundin/trunk/sdl/sdl2thin/obj/calendar2.ali" has been deleted
"/home/bnl/svn/lundin/trunk/sdl/sdl2thin/obj/stacktrace.o" has been deleted
"/home/bnl/svn/lundin/trunk/sdl/sdl2thin/obj/stacktrace.ali" has been deleted
"/home/bnl/svn/lundin/trunk/sdl/sdl2thin/obj/sdl2-thin.o" has been deleted
"/home/bnl/svn/lundin/trunk/sdl/sdl2thin/obj/sdl2-thin.ali" has been deleted
"/home/bnl/svn/lundin/trunk/sdl/sdl2thin/obj/sdl2-video-windows.o" has been deleted
"/home/bnl/svn/lundin/trunk/sdl/sdl2thin/obj/sdl2-video-windows.ali" has been deleted
"/home/bnl/svn/lundin/trunk/sdl/sdl2thin/obj/sdl2.o" has been deleted
"/home/bnl/svn/lundin/trunk/sdl/sdl2thin/obj/sdl2.ali" has been deleted
"/home/bnl/svn/lundin/trunk/sdl/sdl2thin/obj/sdl2-error.o" has been deleted
"/home/bnl/svn/lundin/trunk/sdl/sdl2thin/obj/sdl2-error.ali" has been deleted
"/home/bnl/svn/lundin/trunk/sdl/sdl2thin/obj/sdl2-video-renderers.o" has been deleted
"/home/bnl/svn/lundin/trunk/sdl/sdl2thin/obj/sdl2-video-renderers.ali" has been deleted
"/home/bnl/svn/lundin/trunk/sdl/sdl2thin/obj/sdl2-video-rectangles.o" has been deleted
"/home/bnl/svn/lundin/trunk/sdl/sdl2thin/obj/sdl2-video-rectangles.ali" has been deleted
"/home/bnl/svn/lundin/trunk/sdl/sdl2thin/obj/sdl2-video-colors.o" has been deleted
"/home/bnl/svn/lundin/trunk/sdl/sdl2thin/obj/sdl2-video-colors.ali" has been deleted
"/home/bnl/svn/lundin/trunk/sdl/sdl2thin/obj/sdl2-video.o" has been deleted
"/home/bnl/svn/lundin/trunk/sdl/sdl2thin/obj/sdl2-video.ali" has been deleted
"/home/bnl/svn/lundin/trunk/sdl/sdl2thin/obj/show_result.o" has been deleted
"/home/bnl/svn/lundin/trunk/sdl/sdl2thin/obj/show_result.ali" has been deleted
"/home/bnl/svn/lundin/trunk/sdl/sdl2thin/exe/show_result" has been deleted
"/home/bnl/svn/lundin/trunk/sdl/sdl2thin/obj/b__show_result.o" has been deleted
"/home/bnl/svn/lundin/trunk/sdl/sdl2thin/obj/b__show_result.ads" has been deleted
"/home/bnl/svn/lundin/trunk/sdl/sdl2thin/obj/b__show_result.adb" has been deleted
"/home/bnl/svn/lundin/trunk/sdl/sdl2thin/obj/b__show_result.ali" has been deleted
"/home/bnl/svn/lundin/trunk/sdl/sdl2thin/obj/show_result.bexch" has been deleted
"/home/bnl/svn/lundin/trunk/sdl/sdl2thin/obj/auto.cgpr" has been deleted
